Change Component Designator: Old Designator=C? New Designator=C141
Change Component Designator: Old Designator=C? New Designator=C142
Change Component Designator: Old Designator=C? New Designator=C143
Change Component Designator: Old Designator=C? New Designator=C144
Change Component Designator: Old Designator=C? New Designator=C145
Change Component Designator: Old Designator=C? New Designator=C146
Change Component Designator: Old Designator=C? New Designator=C147
Change Component Designator: Old Designator=C? New Designator=C148
Change Component Designator: Old Designator=FB? New Designator=FB2
Change Component Designator: Old Designator=FB? New Designator=FB3
Change Component Designator: Old Designator=J? New Designator=J3
Change Component Designator: Old Designator=J? New Designator=J4
Change Component Designator: Old Designator=J? New Designator=J5
Change Component Designator: Old Designator=J? New Designator=J6
Change Component Designator: Old Designator=R? New Designator=R57
Change Component Designator: Old Designator=R? New Designator=R58
Change Component Designator: Old Designator=R? New Designator=R59
Change Component Designator: Old Designator=R? New Designator=R60
Change Component Designator: Old Designator=R? New Designator=R61
Change Component Designator: Old Designator=R? New Designator=R62
Change Component Designator: Old Designator=SW? New Designator=SW1
Change Component Designator: Old Designator=TP? New Designator=TP32
Change Component Designator: Old Designator=TP? New Designator=TP33
Change Component Designator: Old Designator=U? New Designator=U1
Change Component Designator: Old Designator=Y? New Designator=Y1
Change Component Designator: Old Designator=Y? New Designator=Y2
