Change Component Designator: Old Designator=C? New Designator=C275
Change Component Designator: Old Designator=C? New Designator=C276
Change Component Designator: Old Designator=C? New Designator=C277
Change Component Designator: Old Designator=C? New Designator=C278
Change Component Designator: Old Designator=C? New Designator=C279
Change Component Designator: Old Designator=C? New Designator=C280
Change Component Designator: Old Designator=C? New Designator=C281
Change Component Designator: Old Designator=C? New Designator=C282
Change Component Designator: Old Designator=C? New Designator=C283
Change Component Designator: Old Designator=C? New Designator=C284
Change Component Designator: Old Designator=C? New Designator=C285
Change Component Designator: Old Designator=C? New Designator=C286
Change Component Designator: Old Designator=C? New Designator=C287
Change Component Designator: Old Designator=C? New Designator=C288
Change Component Designator: Old Designator=C? New Designator=C289
Change Component Designator: Old Designator=C? New Designator=C290
Change Component Designator: Old Designator=C? New Designator=C291
Change Component Designator: Old Designator=C? New Designator=C292
Change Component Designator: Old Designator=C? New Designator=C293
Change Component Designator: Old Designator=C? New Designator=C294
Change Component Designator: Old Designator=C? New Designator=C295
Change Component Designator: Old Designator=C? New Designator=C296
Change Component Designator: Old Designator=C? New Designator=C297
Change Component Designator: Old Designator=C? New Designator=C298
Change Component Designator: Old Designator=C? New Designator=C299
Change Component Designator: Old Designator=D? New Designator=D10
Change Component Designator: Old Designator=D? New Designator=D11
Change Component Designator: Old Designator=FB? New Designator=FB4
Change Component Designator: Old Designator=FB? New Designator=FB5
Change Component Designator: Old Designator=J? New Designator=J13
Change Component Designator: Old Designator=R? New Designator=R136
Change Component Designator: Old Designator=R? New Designator=R137
Change Component Designator: Old Designator=R? New Designator=R138
Change Component Designator: Old Designator=R? New Designator=R139
Change Component Designator: Old Designator=R? New Designator=R140
Change Component Designator: Old Designator=R? New Designator=R141
Change Component Designator: Old Designator=R? New Designator=R142
Change Component Designator: Old Designator=R? New Designator=R143
Change Component Designator: Old Designator=R? New Designator=R144
Change Component Designator: Old Designator=R? New Designator=R145
Change Component Designator: Old Designator=R? New Designator=R146
Change Component Designator: Old Designator=R? New Designator=R147
Change Component Designator: Old Designator=R? New Designator=R148
Change Component Designator: Old Designator=R? New Designator=R149
Change Component Designator: Old Designator=R? New Designator=R150
Change Component Designator: Old Designator=R? New Designator=R151
Change Component Designator: Old Designator=R? New Designator=R152
Change Component Designator: Old Designator=R? New Designator=R153
Change Component Designator: Old Designator=R? New Designator=R154
Change Component Designator: Old Designator=R? New Designator=R155
Change Component Designator: Old Designator=R? New Designator=R156
Change Component Designator: Old Designator=R? New Designator=R157
Change Component Designator: Old Designator=R? New Designator=R158
Change Component Designator: Old Designator=R? New Designator=R159
Change Component Designator: Old Designator=R? New Designator=R160
Change Component Designator: Old Designator=R? New Designator=R161
Change Component Designator: Old Designator=R? New Designator=R162
Change Component Designator: Old Designator=R? New Designator=R163
Change Component Designator: Old Designator=R? New Designator=R164
Change Component Designator: Old Designator=R? New Designator=R165
Change Component Designator: Old Designator=R? New Designator=R166
Change Component Designator: Old Designator=R? New Designator=R167
Change Component Designator: Old Designator=R? New Designator=R168
Change Component Designator: Old Designator=R? New Designator=R169
Change Component Designator: Old Designator=R? New Designator=R170
Change Component Designator: Old Designator=TP? New Designator=TP45
Change Component Designator: Old Designator=TP? New Designator=TP46
Change Component Designator: Old Designator=U? New Designator=U10
Change Component Designator: Old Designator=U? New Designator=U11
Change Component Designator: Old Designator=U? New Designator=U12
Change Component Designator: Old Designator=U? New Designator=U13
Change Component Designator: Old Designator=U? New Designator=U14
Change Component Designator: Old Designator=U? New Designator=U15
Change Component Designator: Old Designator=U? New Designator=U16
Change Component Designator: Old Designator=Y? New Designator=Y4
Change Component Designator: Old Designator=Y? New Designator=Y5
